
> devonz@1.0.0 typecheck C:\software\Devonz
> tsc

app/components/chat/ChatBox.stories.tsx(3,33): error TS2307: Cannot find module '@remix-run/testing' or its corresponding type declarations.
app/components/chat/ChatBox.stories.tsx(45,23): error TS7006: Parameter 'e' implicitly has an 'any' type.
app/components/chat/ChatBox.stories.tsx(59,3): error TS2322: Type '{ isModelSettingsCollapsed: boolean; setIsModelSettingsCollapsed: () => void; provider: { name: string; staticModels: never[]; getApiKeyLink: string; }; providerList: { name: string; staticModels: never[]; getApiKeyLink: string; }[]; ... 22 more ...; setImageDataList: () => void; }' is not assignable to type 'Partial<{ isModelSettingsCollapsed: boolean; setIsModelSettingsCollapsed: (collapsed: boolean) => void; provider: ProviderInfo | undefined; providerList: ProviderInfo[]; ... 35 more ...; setSelectedElement?: ((element: ElementInfo | null) => void) | undefined; }> & { ...; }'.
  Type '{ isModelSettingsCollapsed: boolean; setIsModelSettingsCollapsed: () => void; provider: { name: string; staticModels: never[]; getApiKeyLink: string; }; providerList: { name: string; staticModels: never[]; getApiKeyLink: string; }[]; ... 22 more ...; setImageDataList: () => void; }' is not assignable to type 'Partial<{ isModelSettingsCollapsed: boolean; setIsModelSettingsCollapsed: (collapsed: boolean) => void; provider: ProviderInfo | undefined; providerList: ProviderInfo[]; ... 35 more ...; setSelectedElement?: ((element: ElementInfo | null) => void) | undefined; }>'.
    Types of property 'modelList' are incompatible.
      Type '{ name: string; label: string; provider: string; }[]' is not assignable to type 'ModelInfo[]'.
        Property 'maxTokenAllowed' is missing in type '{ name: string; label: string; provider: string; }' but required in type 'ModelInfo'.
app/components/chat/ChatBox.stories.tsx(65,3): error TS2322: Type '{ input: string; isModelSettingsCollapsed: boolean; setIsModelSettingsCollapsed: () => void; provider: { name: string; staticModels: never[]; getApiKeyLink: string; }; providerList: { name: string; staticModels: never[]; getApiKeyLink: string; }[]; ... 21 more ...; setImageDataList: () => void; }' is not assignable to type 'Partial<{ isModelSettingsCollapsed: boolean; setIsModelSettingsCollapsed: (collapsed: boolean) => void; provider: ProviderInfo | undefined; providerList: ProviderInfo[]; ... 35 more ...; setSelectedElement?: ((element: ElementInfo | null) => void) | undefined; }> & { ...; }'.
  Type '{ input: string; isModelSettingsCollapsed: boolean; setIsModelSettingsCollapsed: () => void; provider: { name: string; staticModels: never[]; getApiKeyLink: string; }; providerList: { name: string; staticModels: never[]; getApiKeyLink: string; }[]; ... 21 more ...; setImageDataList: () => void; }' is not assignable to type 'Partial<{ isModelSettingsCollapsed: boolean; setIsModelSettingsCollapsed: (collapsed: boolean) => void; provider: ProviderInfo | undefined; providerList: ProviderInfo[]; ... 35 more ...; setSelectedElement?: ((element: ElementInfo | null) => void) | undefined; }>'.
    Types of property 'modelList' are incompatible.
      Type '{ name: string; label: string; provider: string; }[]' is not assignable to type 'ModelInfo[]'.
        Property 'maxTokenAllowed' is missing in type '{ name: string; label: string; provider: string; }' but required in type 'ModelInfo'.
app/components/chat/ChatBox.stories.tsx(72,3): error TS2322: Type '{ input: string; isStreaming: true; chatStarted: true; isModelSettingsCollapsed: boolean; setIsModelSettingsCollapsed: () => void; provider: { name: string; staticModels: never[]; getApiKeyLink: string; }; ... 20 more ...; setImageDataList: () => void; }' is not assignable to type 'Partial<{ isModelSettingsCollapsed: boolean; setIsModelSettingsCollapsed: (collapsed: boolean) => void; provider: ProviderInfo | undefined; providerList: ProviderInfo[]; ... 35 more ...; setSelectedElement?: ((element: ElementInfo | null) => void) | undefined; }> & { ...; }'.
  Type '{ input: string; isStreaming: true; chatStarted: true; isModelSettingsCollapsed: boolean; setIsModelSettingsCollapsed: () => void; provider: { name: string; staticModels: never[]; getApiKeyLink: string; }; ... 20 more ...; setImageDataList: () => void; }' is not assignable to type 'Partial<{ isModelSettingsCollapsed: boolean; setIsModelSettingsCollapsed: (collapsed: boolean) => void; provider: ProviderInfo | undefined; providerList: ProviderInfo[]; ... 35 more ...; setSelectedElement?: ((element: ElementInfo | null) => void) | undefined; }>'.
    Types of property 'modelList' are incompatible.
      Type '{ name: string; label: string; provider: string; }[]' is not assignable to type 'ModelInfo[]'.
        Property 'maxTokenAllowed' is missing in type '{ name: string; label: string; provider: string; }' but required in type 'ModelInfo'.
app/components/chat/ChatBox.stories.tsx(81,3): error TS2322: Type '{ uploadedFiles: File[]; isModelSettingsCollapsed: boolean; setIsModelSettingsCollapsed: () => void; provider: { name: string; staticModels: never[]; getApiKeyLink: string; }; providerList: { ...; }[]; ... 21 more ...; setImageDataList: () => void; }' is not assignable to type 'Partial<{ isModelSettingsCollapsed: boolean; setIsModelSettingsCollapsed: (collapsed: boolean) => void; provider: ProviderInfo | undefined; providerList: ProviderInfo[]; ... 35 more ...; setSelectedElement?: ((element: ElementInfo | null) => void) | undefined; }> & { ...; }'.
  Type '{ uploadedFiles: File[]; isModelSettingsCollapsed: boolean; setIsModelSettingsCollapsed: () => void; provider: { name: string; staticModels: never[]; getApiKeyLink: string; }; providerList: { ...; }[]; ... 21 more ...; setImageDataList: () => void; }' is not assignable to type 'Partial<{ isModelSettingsCollapsed: boolean; setIsModelSettingsCollapsed: (collapsed: boolean) => void; provider: ProviderInfo | undefined; providerList: ProviderInfo[]; ... 35 more ...; setSelectedElement?: ((element: ElementInfo | null) => void) | undefined; }>'.
    Types of property 'modelList' are incompatible.
      Type '{ name: string; label: string; provider: string; }[]' is not assignable to type 'ModelInfo[]'.
        Property 'maxTokenAllowed' is missing in type '{ name: string; label: string; provider: string; }' but required in type 'ModelInfo'.
app/components/errors/RouteErrorBoundary.tsx(69,11): error TS2322: Type '"primary"' is not assignable to type '"link" | "default" | "outline" | "destructive" | "secondary" | "ghost" | undefined'.
app/components/header/Header.stories.tsx(3,33): error TS2307: Cannot find module '@remix-run/testing' or its corresponding type declarations.
app/components/header/Header.stories.tsx(35,18): error TS2339: Property 'setKey' does not exist on type '{ open: WritableAtom<boolean>; toggle(): void; setOpen(value: boolean): void; }'.
app/components/header/Header.stories.tsx(43,18): error TS2339: Property 'setKey' does not exist on type '{ open: WritableAtom<boolean>; toggle(): void; setOpen(value: boolean): void; }'.
app/components/header/HeaderActionButtons.client.stories.tsx(3,33): error TS2307: Cannot find module '@remix-run/testing' or its corresponding type declarations.
app/components/sidebar/HistoryItem.stories.tsx(3,33): error TS2307: Cannot find module '@remix-run/testing' or its corresponding type declarations.
app/components/ui/__tests__/Button.test.tsx(3,21): error TS2307: Cannot find module 'vitest-axe' or its corresponding type declarations.
app/components/ui/__tests__/Button.test.tsx(5,1): error TS2593: Cannot find name 'describe'. Do you need to install type definitions for a test runner? Try `npm i --save-dev @types/jest` or `npm i --save-dev @types/mocha` and then add 'jest' or 'mocha' to the types field in your tsconfig.
app/components/ui/__tests__/Button.test.tsx(6,3): error TS2593: Cannot find name 'it'. Do you need to install type definitions for a test runner? Try `npm i --save-dev @types/jest` or `npm i --save-dev @types/mocha` and then add 'jest' or 'mocha' to the types field in your tsconfig.
app/components/ui/__tests__/Button.test.tsx(9,5): error TS2304: Cannot find name 'expect'.
app/components/ui/__tests__/Button.test.tsx(12,3): error TS2593: Cannot find name 'it'. Do you need to install type definitions for a test runner? Try `npm i --save-dev @types/jest` or `npm i --save-dev @types/mocha` and then add 'jest' or 'mocha' to the types field in your tsconfig.
app/components/ui/__tests__/Button.test.tsx(15,17): error TS2322: Type '"primary"' is not assignable to type '"link" | "default" | "outline" | "destructive" | "secondary" | "ghost" | undefined'.
app/components/ui/__tests__/Button.test.tsx(19,17): error TS2322: Type '"danger"' is not assignable to type '"link" | "default" | "outline" | "destructive" | "secondary" | "ghost" | undefined'.
app/components/ui/__tests__/Button.test.tsx(23,5): error TS2304: Cannot find name 'expect'.
app/components/ui/Dialog.stories.tsx(19,14): error TS2322: Type '{ render: () => JSX.Element; }' is not assignable to type 'StoryAnnotations<ReactRenderer, { children: ReactNode; className?: string | undefined; showCloseButton?: boolean | undefined; onClose?: (() => void) | undefined; onBackdrop?: (() => void) | undefined; }, { ...; }>'.
  Property 'args' is missing in type '{ render: () => JSX.Element; }' but required in type '{ args: { children: ReactNode; className?: string | undefined; showCloseButton?: boolean | undefined; onClose?: (() => void) | undefined; onBackdrop?: (() => void) | undefined; }; }'.
app/components/ui/Dropdown.stories.tsx(17,14): error TS2322: Type '{ render: () => JSX.Element; }' is not assignable to type 'StoryAnnotations<ReactRenderer, { trigger: ReactNode; children: ReactNode; align?: "center" | "start" | "end" | undefined; sideOffset?: number | undefined; }, { ...; }>'.
  Property 'args' is missing in type '{ render: () => JSX.Element; }' but required in type '{ args: { trigger: ReactNode; children: ReactNode; align?: "center" | "start" | "end" | undefined; sideOffset?: number | undefined; }; }'.
app/components/ui/Popover.stories.tsx(17,14): error TS2322: Type '{ render: (args: { trigger: ReactNode; side: "left" | "right" | "top" | "bottom" | undefined; align: "center" | "start" | "end" | undefined; children?: ReactNode; }) => Element; }' is not assignable to type 'StoryAnnotations<ReactRenderer, { trigger: ReactNode; side: "left" | "right" | "top" | "bottom" | undefined; align: "center" | "start" | "end" | undefined; children?: ReactNode; }, { ...; }>'.
  Property 'args' is missing in type '{ render: (args: { trigger: ReactNode; side: "left" | "right" | "top" | "bottom" | undefined; align: "center" | "start" | "end" | undefined; children?: ReactNode; }) => Element; }' but required in type '{ args: { trigger: ReactNode; side: "left" | "right" | "top" | "bottom" | undefined; align: "center" | "start" | "end" | undefined; children?: ReactNode; }; }'.
app/components/ui/Popover.stories.tsx(20,7): error TS2783: 'trigger' is specified more than once, so this usage will be overwritten.
app/components/ui/Popover.stories.tsx(21,7): error TS2783: 'side' is specified more than once, so this usage will be overwritten.
app/components/ui/Popover.stories.tsx(22,7): error TS2783: 'align' is specified more than once, so this usage will be overwritten.
app/components/ui/Slider.stories.tsx(19,14): error TS2322: Type '{ render: () => JSX.Element; }' is not assignable to type 'StoryAnnotations<ReactRenderer, { selected: unknown; options: SliderOptions<unknown>; setSelected?: ((selected: unknown) => void) | undefined; }, { selected: unknown; options: SliderOptions<unknown>; setSelected?: ((selected: unknown) => void) | undefined; }>'.
  Property 'args' is missing in type '{ render: () => JSX.Element; }' but required in type '{ args: { selected: unknown; options: SliderOptions<unknown>; setSelected?: ((selected: unknown) => void) | undefined; }; }'.
app/components/ui/Slider.stories.tsx(35,14): error TS2322: Type '{ render: () => JSX.Element; }' is not assignable to type 'StoryAnnotations<ReactRenderer, { selected: unknown; options: SliderOptions<unknown>; setSelected?: ((selected: unknown) => void) | undefined; }, { selected: unknown; options: SliderOptions<unknown>; setSelected?: ((selected: unknown) => void) | undefined; }>'.
  Property 'args' is missing in type '{ render: () => JSX.Element; }' but required in type '{ args: { selected: unknown; options: SliderOptions<unknown>; setSelected?: ((selected: unknown) => void) | undefined; }; }'.
app/components/ui/Switch.stories.tsx(23,17): error TS2322: Type '{ className?: string | undefined; checked: boolean; onCheckedChange: (event: boolean) => void; id: string; }' is not assignable to type 'IntrinsicAttributes & SwitchProps'.
  Property 'id' does not exist on type 'IntrinsicAttributes & SwitchProps'.
app/components/ui/Switch.stories.tsx(33,15): error TS2322: Type '{ className?: string | undefined; checked: boolean; onCheckedChange?: ((event: boolean) => void) | undefined; id: string; }' is not assignable to type 'IntrinsicAttributes & SwitchProps'.
  Property 'id' does not exist on type 'IntrinsicAttributes & SwitchProps'.
app/test/setup-a11y.ts(2,27): error TS2307: Cannot find module 'vitest-axe/matchers' or its corresponding type declarations.
vite.config.ts(62,11): error TS2353: Object literal may only specify known properties, and 'path' does not exist in type '{ Buffer?: BooleanOrBuildTarget | undefined; global?: BooleanOrBuildTarget | undefined; process?: BooleanOrBuildTarget | undefined; }'.
ΓÇëELIFECYCLEΓÇë Command failed with exit code 2.
